{"/Users/macmini/Project/taipower-tou-web/frontend/src/services/calculation/TwoTierSplitter.ts": {"path":"/Users/macmini/Project/taipower-tou-web/frontend/src/services/calculation/TwoTierSplitter.ts","statementMap":{"0":{"start":{"line":21,"column":4},"end":{"line":49,"column":null}},"1":{"start":{"line":27,"column":8},"end":{"line":27,"column":null}},"2":{"start":{"line":28,"column":8},"end":{"line":28,"column":null}},"3":{"start":{"line":32,"column":8},"end":{"line":32,"column":null}},"4":{"start":{"line":33,"column":8},"end":{"line":33,"column":null}},"5":{"start":{"line":37,"column":8},"end":{"line":37,"column":null}},"6":{"start":{"line":38,"column":8},"end":{"line":38,"column":null}},"7":{"start":{"line":41,"column":8},"end":{"line":43,"column":null}},"8":{"start":{"line":42,"column":10},"end":{"line":42,"column":null}},"9":{"start":{"line":44,"column":8},"end":{"line":44,"column":null}},"10":{"start":{"line":45,"column":8},"end":{"line":45,"column":null}},"11":{"start":{"line":48,"column":8},"end":{"line":48,"column":null}},"12":{"start":{"line":52,"column":26},"end":{"line":52,"column":null}},"13":{"start":{"line":53,"column":38},"end":{"line":53,"column":null}},"14":{"start":{"line":59,"column":41},"end":{"line":59,"column":null}},"15":{"start":{"line":62,"column":29},"end":{"line":62,"column":null}},"16":{"start":{"line":64,"column":4},"end":{"line":68,"column":null}},"17":{"start":{"line":79,"column":4},"end":{"line":131,"column":null}},"18":{"start":{"line":81,"column":8},"end":{"line":90,"column":null}},"19":{"start":{"line":93,"column":8},"end":{"line":101,"column":null}},"20":{"start":{"line":104,"column":8},"end":{"line":112,"column":null}},"21":{"start":{"line":115,"column":8},"end":{"line":123,"column":null}},"22":{"start":{"line":126,"column":8},"end":{"line":130,"column":null}},"23":{"start":{"line":143,"column":4},"end":{"line":168,"column":null}}},"fnMap":{"0":{"name":"(anonymous_0)","decl":{"start":{"line":13,"column":9},"end":{"line":13,"column":null}},"loc":{"start":{"line":18,"column":20},"end":{"line":69,"column":null}},"line":18},"1":{"name":"(anonymous_1)","decl":{"start":{"line":74,"column":9},"end":{"line":74,"column":33}},"loc":{"start":{"line":78,"column":4},"end":{"line":132,"column":null}},"line":78},"2":{"name":"(anonymous_2)","decl":{"start":{"line":137,"column":9},"end":{"line":137,"column":null}},"loc":{"start":{"line":142,"column":5},"end":{"line":169,"column":null}},"line":142}},"branchMap":{"0":{"loc":{"start":{"line":21,"column":4},"end":{"line":49,"column":null}},"type":"switch","locations":[{"start":{"line":22,"column":6},"end":{"line":28,"column":null}},{"start":{"line":30,"column":6},"end":{"line":33,"column":null}},{"start":{"line":35,"column":6},"end":{"line":38,"column":null}},{"start":{"line":40,"column":6},"end":{"line":45,"column":null}},{"start":{"line":47,"column":6},"end":{"line":48,"column":null}}],"line":21},"1":{"loc":{"start":{"line":41,"column":8},"end":{"line":43,"column":null}},"type":"if","locations":[{"start":{"line":41,"column":8},"end":{"line":43,"column":null}},{"start":{},"end":{}}],"line":41},"2":{"loc":{"start":{"line":79,"column":4},"end":{"line":131,"column":null}},"type":"switch","locations":[{"start":{"line":80,"column":6},"end":{"line":90,"column":null}},{"start":{"line":92,"column":6},"end":{"line":101,"column":null}},{"start":{"line":103,"column":6},"end":{"line":112,"column":null}},{"start":{"line":114,"column":6},"end":{"line":123,"column":null}},{"start":{"line":125,"column":6},"end":{"line":130,"column":null}}],"line":79}},"s":{"0":9,"1":6,"2":6,"3":1,"4":1,"5":1,"6":1,"7":1,"8":0,"9":1,"10":1,"11":0,"12":9,"13":9,"14":9,"15":9,"16":9,"17":1,"18":1,"19":0,"20":0,"21":0,"22":0,"23":2},"f":{"0":1,"1":1,"2":1},"b":{"0":[6,1,1,1,0],"1":[0,1],"2":[1,0,0,0,0]},"meta":{"lastBranch":3,"lastFunction":3,"lastStatement":24,"seen":{"f:13:9:13:Infinity":0,"b:22:6:28:Infinity:30:6:33:Infinity:35:6:38:Infinity:40:6:45:Infinity:47:6:48:Infinity":0,"s:21:4:49:Infinity":0,"s:27:8:27:Infinity":1,"s:28:8:28:Infinity":2,"s:32:8:32:Infinity":3,"s:33:8:33:Infinity":4,"s:37:8:37:Infinity":5,"s:38:8:38:Infinity":6,"b:41:8:43:Infinity:undefined:undefined:undefined:undefined":1,"s:41:8:43:Infinity":7,"s:42:10:42:Infinity":8,"s:44:8:44:Infinity":9,"s:45:8:45:Infinity":10,"s:48:8:48:Infinity":11,"s:52:26:52:Infinity":12,"s:53:38:53:Infinity":13,"s:59:41:59:Infinity":14,"s:62:29:62:Infinity":15,"s:64:4:68:Infinity":16,"f:74:9:74:33":1,"b:80:6:90:Infinity:92:6:101:Infinity:103:6:112:Infinity:114:6:123:Infinity:125:6:130:Infinity":2,"s:79:4:131:Infinity":17,"s:81:8:90:Infinity":18,"s:93:8:101:Infinity":19,"s:104:8:112:Infinity":20,"s:115:8:123:Infinity":21,"s:126:8:130:Infinity":22,"f:137:9:137:Infinity":2,"s:143:4:168:Infinity":23}}}
,"/Users/macmini/Project/taipower-tou-web/frontend/src/services/calculation/UsageEstimator.ts": {"path":"/Users/macmini/Project/taipower-tou-web/frontend/src/services/calculation/UsageEstimator.ts","statementMap":{"0":{"start":{"line":23,"column":6},"end":{"line":64,"column":null}},"1":{"start":{"line":76,"column":4},"end":{"line":81,"column":null}},"2":{"start":{"line":77,"column":6},"end":{"line":79,"column":null}},"3":{"start":{"line":78,"column":8},"end":{"line":78,"column":null}},"4":{"start":{"line":80,"column":6},"end":{"line":80,"column":null}},"5":{"start":{"line":84,"column":18},"end":{"line":84,"column":null}},"6":{"start":{"line":85,"column":4},"end":{"line":87,"column":null}},"7":{"start":{"line":86,"column":6},"end":{"line":86,"column":null}},"8":{"start":{"line":89,"column":19},"end":{"line":89,"column":null}},"9":{"start":{"line":91,"column":4},"end":{"line":95,"column":null}},"10":{"start":{"line":105,"column":25},"end":{"line":105,"column":null}},"11":{"start":{"line":107,"column":4},"end":{"line":109,"column":null}},"12":{"start":{"line":108,"column":6},"end":{"line":108,"column":null}},"13":{"start":{"line":111,"column":4},"end":{"line":115,"column":null}},"14":{"start":{"line":122,"column":4},"end":{"line":124,"column":null}},"15":{"start":{"line":123,"column":6},"end":{"line":123,"column":null}},"16":{"start":{"line":125,"column":4},"end":{"line":125,"column":null}},"17":{"start":{"line":132,"column":4},"end":{"line":134,"column":null}},"18":{"start":{"line":133,"column":6},"end":{"line":133,"column":null}},"19":{"start":{"line":135,"column":4},"end":{"line":135,"column":null}},"20":{"start":{"line":149,"column":4},"end":{"line":182,"column":null}}},"fnMap":{"0":{"name":"(anonymous_0)","decl":{"start":{"line":69,"column":9},"end":{"line":69,"column":null}},"loc":{"start":{"line":74,"column":20},"end":{"line":96,"column":null}},"line":74},"1":{"name":"(anonymous_1)","decl":{"start":{"line":101,"column":17},"end":{"line":101,"column":null}},"loc":{"start":{"line":104,"column":20},"end":{"line":116,"column":null}},"line":104},"2":{"name":"(anonymous_2)","decl":{"start":{"line":121,"column":9},"end":{"line":121,"column":29}},"loc":{"start":{"line":121,"column":59},"end":{"line":126,"column":null}},"line":121},"3":{"name":"(anonymous_3)","decl":{"start":{"line":131,"column":9},"end":{"line":131,"column":23}},"loc":{"start":{"line":131,"column":55},"end":{"line":136,"column":null}},"line":131},"4":{"name":"(anonymous_4)","decl":{"start":{"line":141,"column":9},"end":{"line":141,"column":null}},"loc":{"start":{"line":148,"column":5},"end":{"line":183,"column":null}},"line":148}},"branchMap":{"0":{"loc":{"start":{"line":76,"column":4},"end":{"line":81,"column":null}},"type":"if","locations":[{"start":{"line":76,"column":4},"end":{"line":81,"column":null}},{"start":{},"end":{}}],"line":76},"1":{"loc":{"start":{"line":77,"column":6},"end":{"line":79,"column":null}},"type":"if","locations":[{"start":{"line":77,"column":6},"end":{"line":79,"column":null}},{"start":{},"end":{}}],"line":77},"2":{"loc":{"start":{"line":85,"column":4},"end":{"line":87,"column":null}},"type":"if","locations":[{"start":{"line":85,"column":4},"end":{"line":87,"column":null}},{"start":{},"end":{}}],"line":85},"3":{"loc":{"start":{"line":89,"column":32},"end":{"line":89,"column":78}},"type":"cond-expr","locations":[{"start":{"line":89,"column":58},"end":{"line":89,"column":72}},{"start":{"line":89,"column":72},"end":{"line":89,"column":78}}],"line":89},"4":{"loc":{"start":{"line":107,"column":4},"end":{"line":109,"column":null}},"type":"if","locations":[{"start":{"line":107,"column":4},"end":{"line":109,"column":null}},{"start":{},"end":{}}],"line":107},"5":{"loc":{"start":{"line":122,"column":4},"end":{"line":124,"column":null}},"type":"if","locations":[{"start":{"line":122,"column":4},"end":{"line":124,"column":null}},{"start":{},"end":{}}],"line":122},"6":{"loc":{"start":{"line":125,"column":11},"end":{"line":125,"column":null}},"type":"binary-expr","locations":[{"start":{"line":125,"column":11},"end":{"line":125,"column":51}},{"start":{"line":125,"column":51},"end":{"line":125,"column":null}}],"line":125},"7":{"loc":{"start":{"line":132,"column":4},"end":{"line":134,"column":null}},"type":"if","locations":[{"start":{"line":132,"column":4},"end":{"line":134,"column":null}},{"start":{},"end":{}}],"line":132},"8":{"loc":{"start":{"line":135,"column":11},"end":{"line":135,"column":null}},"type":"binary-expr","locations":[{"start":{"line":135,"column":11},"end":{"line":135,"column":50}},{"start":{"line":135,"column":50},"end":{"line":135,"column":null}}],"line":135}},"s":{"0":1,"1":9,"2":1,"3":0,"4":1,"5":8,"6":8,"7":0,"8":8,"9":9,"10":1,"11":1,"12":0,"13":1,"14":1,"15":0,"16":1,"17":1,"18":0,"19":1,"20":1},"f":{"0":1,"1":1,"2":1,"3":1,"4":1},"b":{"0":[1,8],"1":[0,1],"2":[0,8],"3":[2,6],"4":[0,1],"5":[0,1],"6":[1,0],"7":[0,1],"8":[1,0]},"meta":{"lastBranch":9,"lastFunction":5,"lastStatement":21,"seen":{"s:23:6:64:Infinity":0,"f:69:9:69:Infinity":0,"b:76:4:81:Infinity:undefined:undefined:undefined:undefined":0,"s:76:4:81:Infinity":1,"b:77:6:79:Infinity:undefined:undefined:undefined:undefined":1,"s:77:6:79:Infinity":2,"s:78:8:78:Infinity":3,"s:80:6:80:Infinity":4,"s:84:18:84:Infinity":5,"b:85:4:87:Infinity:undefined:undefined:undefined:undefined":2,"s:85:4:87:Infinity":6,"s:86:6:86:Infinity":7,"s:89:19:89:Infinity":8,"b:89:58:89:72:89:72:89:78":3,"s:91:4:95:Infinity":9,"f:101:17:101:Infinity":1,"s:105:25:105:Infinity":10,"b:107:4:109:Infinity:undefined:undefined:undefined:undefined":4,"s:107:4:109:Infinity":11,"s:108:6:108:Infinity":12,"s:111:4:115:Infinity":13,"f:121:9:121:29":2,"b:122:4:124:Infinity:undefined:undefined:undefined:undefined":5,"s:122:4:124:Infinity":14,"s:123:6:123:Infinity":15,"s:125:4:125:Infinity":16,"b:125:11:125:51:125:51:125:Infinity":6,"f:131:9:131:23":3,"b:132:4:134:Infinity:undefined:undefined:undefined:undefined":7,"s:132:4:134:Infinity":17,"s:133:6:133:Infinity":18,"s:135:4:135:Infinity":19,"b:135:11:135:50:135:50:135:Infinity":8,"f:141:9:141:Infinity":4,"s:149:4:182:Infinity":20}}}
,"/Users/macmini/Project/taipower-tou-web/frontend/src/types/index.ts": {"path":"/Users/macmini/Project/taipower-tou-web/frontend/src/types/index.ts","statementMap":{"0":{"start":{"line":8,"column":7},"end":{"line":8,"column":null}},"1":{"start":{"line":13,"column":2},"end":{"line":13,"column":null}},"2":{"start":{"line":19,"column":2},"end":{"line":19,"column":null}},"3":{"start":{"line":25,"column":2},"end":{"line":25,"column":null}},"4":{"start":{"line":8,"column":12},"end":{"line":8,"column":null}},"5":{"start":{"line":31,"column":7},"end":{"line":31,"column":null}},"6":{"start":{"line":33,"column":2},"end":{"line":33,"column":null}},"7":{"start":{"line":35,"column":2},"end":{"line":35,"column":null}},"8":{"start":{"line":37,"column":2},"end":{"line":37,"column":null}},"9":{"start":{"line":39,"column":2},"end":{"line":39,"column":null}},"10":{"start":{"line":31,"column":12},"end":{"line":31,"column":null}},"11":{"start":{"line":45,"column":7},"end":{"line":45,"column":null}},"12":{"start":{"line":47,"column":2},"end":{"line":47,"column":null}},"13":{"start":{"line":49,"column":2},"end":{"line":49,"column":null}},"14":{"start":{"line":51,"column":2},"end":{"line":51,"column":null}},"15":{"start":{"line":53,"column":2},"end":{"line":53,"column":null}},"16":{"start":{"line":45,"column":12},"end":{"line":45,"column":null}}},"fnMap":{"0":{"name":"(anonymous_0)","decl":{"start":{"line":8,"column":7},"end":{"line":8,"column":12}},"loc":{"start":{"line":8,"column":7},"end":{"line":8,"column":null}},"line":8},"1":{"name":"(anonymous_1)","decl":{"start":{"line":31,"column":7},"end":{"line":31,"column":12}},"loc":{"start":{"line":31,"column":7},"end":{"line":31,"column":null}},"line":31},"2":{"name":"(anonymous_2)","decl":{"start":{"line":45,"column":7},"end":{"line":45,"column":12}},"loc":{"start":{"line":45,"column":7},"end":{"line":45,"column":null}},"line":45}},"branchMap":{"0":{"loc":{"start":{"line":8,"column":12},"end":{"line":8,"column":null}},"type":"binary-expr","locations":[{"start":{"line":8,"column":12},"end":{"line":8,"column":null}},{"start":{"line":8,"column":12},"end":{"line":8,"column":null}}],"line":8},"1":{"loc":{"start":{"line":31,"column":12},"end":{"line":31,"column":null}},"type":"binary-expr","locations":[{"start":{"line":31,"column":12},"end":{"line":31,"column":null}},{"start":{"line":31,"column":12},"end":{"line":31,"column":null}}],"line":31},"2":{"loc":{"start":{"line":45,"column":12},"end":{"line":45,"column":null}},"type":"binary-expr","locations":[{"start":{"line":45,"column":12},"end":{"line":45,"column":null}},{"start":{"line":45,"column":12},"end":{"line":45,"column":null}}],"line":45}},"s":{"0":2,"1":2,"2":2,"3":2,"4":2,"5":2,"6":2,"7":2,"8":2,"9":2,"10":2,"11":2,"12":2,"13":2,"14":2,"15":2,"16":2},"f":{"0":2,"1":2,"2":2},"b":{"0":[2,2],"1":[2,2],"2":[2,2]},"meta":{"lastBranch":3,"lastFunction":3,"lastStatement":17,"seen":{"s:8:7:8:Infinity":0,"f:8:7:8:12":0,"s:13:2:13:Infinity":1,"s:19:2:19:Infinity":2,"s:25:2:25:Infinity":3,"s:8:12:8:Infinity":4,"b:8:12:8:Infinity:8:12:8:Infinity":0,"s:31:7:31:Infinity":5,"f:31:7:31:12":1,"s:33:2:33:Infinity":6,"s:35:2:35:Infinity":7,"s:37:2:37:Infinity":8,"s:39:2:39:Infinity":9,"s:31:12:31:Infinity":10,"b:31:12:31:Infinity:31:12:31:Infinity":1,"s:45:7:45:Infinity":11,"f:45:7:45:12":2,"s:47:2:47:Infinity":12,"s:49:2:49:Infinity":13,"s:51:2:51:Infinity":14,"s:53:2:53:Infinity":15,"s:45:12:45:Infinity":16,"b:45:12:45:Infinity:45:12:45:Infinity":2}}}
}
